Elevator0 Going UP to PICK UP to floor 0 from floor 0 at 21:55:54.996
Elevator0 Has arrived to floor 0 at 21:55:54.996
Elevator0 Going UP to requested floor 4 from floor 0 at 21:55:55.030
Elevator1 Going UP to PICK UP to floor 2 from floor 0 at 21:55:55.034
Elevator1 Has arrived to floor 2 at 21:55:57.036
Elevator1 Going UP to requested floor 3 from floor 2 at 21:55:57.051
Elevator1 Has arrived to floor3 at 21:55:58.067
Elevator1 Going DOWN to PICK UP to floor 3 from floor 3 at 21:55:58.071
Elevator1 Has arrived to floor 3 at 21:55:58.073
Elevator1 Going DOWN to requested floor 2 from floor3 at 21:55:58.117
Elevator0 Has arrived to floor4 at 21:55:59.041
Elevator0 Going UP to PICK UP to floor 1 from floor 4 at 21:55:59.042
Elevator1 Has arrived to floor2 at 21:55:59.125
Elevator0 Has arrived to floor 1 at 21:56:02.056
Elevator0 Going UP to requested floor 7 from floor 1 at 21:56:02.078
Elevator0 Has arrived to floor7 at 21:56:08.090
Elevator0 Going UP to PICK UP to floor 0 from floor 7 at 22:07:03.900
Elevator1 Going UP to PICK UP to floor 2 from floor 2 at 22:07:03.918
Elevator1 Has arrived to floor 2 at 22:07:03.918
Elevator0 Has arrived to floor 0 at 22:07:10.903
Elevator0 Going UP to PICK UP to floor 0 from floor 0 at 22:07:33.223
Elevator0 Has arrived to floor 0 at 22:07:33.239
Elevator0 Going UP to requested floor 4 from floor 0 at 22:07:33.254
Elevator1 Going UP to PICK UP to floor 2 from floor 0 at 22:07:33.254
