SCHEDULER: Starting listener...21:24:50.280


NEW ELEVATOR REQUEST FROM FLOOR 0 GOING UP 21:24:53.297


ASKING FOR ELEVATOR FROM FLOOR 0 GOING UP TO FLOOR 4 21:24:53.313


CAR 0 STOPPED ON FLOOR 0 ON ITS WAY TO 4 21:24:53.313


CAR 0 PASSING FLOOR 0 GOING UP 21:24:53.330


NEW ELEVATOR REQUEST FROM FLOOR 2 GOING UP 21:24:53.804


ASKING FOR ELEVATOR FROM FLOOR 2 GOING UP TO FLOOR 3 21:24:53.813


NEW ELEVATOR REQUEST FROM FLOOR 3 GOING DOWN 21:24:54.308


ASKING FOR ELEVATOR FROM FLOOR 3 GOING DOWN TO FLOOR 2 21:24:54.308


NEW ELEVATOR REQUEST FROM FLOOR 1 GOING UP 21:24:54.822


ASKING FOR ELEVATOR FROM FLOOR 1 GOING UP TO FLOOR 7 21:24:54.830


NEW ELEVATOR REQUEST FROM FLOOR 2 GOING DOWN 21:24:55.340


NEW ELEVATOR REQUEST FROM FLOOR 5 GOING UP 21:24:55.855


CAR 0 STOPPED ON FLOOR 1 ON ITS WAY TO 7 21:24:56.346


CAR 0 PASSING FLOOR 1 GOING UP 21:24:56.347


NEW ELEVATOR REQUEST FROM FLOOR 3 GOING UP 21:24:56.364


CAR 1 PASSING FLOOR 1 GOING UP 21:24:56.842


NEW ELEVATOR REQUEST FROM FLOOR 7 GOING DOWN 21:24:56.880


CAR 2 PASSING FLOOR 1 GOING UP 21:24:57.348


NEW ELEVATOR REQUEST FROM FLOOR 6 GOING DOWN 21:24:57.397


CAR 3 PASSING FLOOR 1 GOING UP 21:24:57.861


NEW ELEVATOR REQUEST FROM FLOOR 4 GOING UP 21:24:57.914


CAR 3 IS EMPTY 21:24:58.899


ASKING FOR ELEVATOR FROM FLOOR 2 GOING DOWN TO FLOOR 1 21:24:58.899


CAR 1 STOPPED ON FLOOR 2 ON ITS WAY TO 3 21:24:59.877


CAR 1 PASSING FLOOR 2 GOING UP 21:24:59.877


CAR 2 PASSING FLOOR 2 GOING UP 21:25:00.414


CAR 0 PASSING FLOOR 2 GOING UP 21:25:00.414


CAR 3 STOPPED ON FLOOR 2 ON ITS WAY TO 1 21:25:01.930


CAR 3 PASSING FLOOR 2 GOING DOWN 21:25:01.930


CAR 0 PASSING FLOOR 3 GOING UP 21:25:03.464


CAR 2 STOPPED ON FLOOR 3 ON ITS WAY TO 2 21:25:03.464


CAR 2 PASSING FLOOR 3 GOING DOWN 21:25:03.480


CAR 1 PASSING FLOOR 3 GOING UP 21:25:03.944


CAR 1 IS EMPTY 21:25:04.980


ASKING FOR ELEVATOR FROM FLOOR 5 GOING UP TO FLOOR 7 21:25:04.980


CAR 3 PASSING FLOOR 1 GOING DOWN 21:25:06.005


CAR 0 STOPPED ON FLOOR 4 ON ITS WAY TO 20 21:25:06.513


CAR 0 PASSING FLOOR 4 GOING UP 21:25:06.513


CAR 3 IS EMPTY 21:25:07.062


SCHEDULER: SENDING FAULT FROM FLOOR 3 21:25:07.065


CAR 3 HAS FAULTED ON FLOOR 3 AND IS OUT OF COMMISSION 21:25:07.080


CAR 2 PASSING FLOOR 2 GOING DOWN 21:25:07.524


CAR 1 PASSING FLOOR 4 GOING UP 21:25:08.005


CAR 2 IS EMPTY 21:25:08.592


ASKING FOR ELEVATOR FROM FLOOR 7 GOING DOWN TO FLOOR 4 21:25:08.597


CAR 0 STOPPED ON FLOOR 5 ON ITS WAY TO 7 21:25:10.597


CAR 0 PASSING FLOOR 5 GOING UP 21:25:10.607


CAR 1 PASSING FLOOR 5 GOING UP 21:25:11.080


CAR 2 STOPPED ON FLOOR 3 ON ITS WAY TO 6 21:25:11.636


CAR 2 PASSING FLOOR 3 GOING UP 21:25:11.642


CAR 1 IS EMPTY 21:25:12.161


ASKING FOR ELEVATOR FROM FLOOR 6 GOING DOWN TO FLOOR 1 21:25:12.169


CAR 0 PASSING FLOOR 6 GOING UP 21:25:14.728


CAR 1 STOPPED ON FLOOR 6 ON ITS WAY TO 1 21:25:15.225


CAR 1 PASSING FLOOR 6 GOING DOWN 21:25:15.232


CAR 2 PASSING FLOOR 4 GOING UP 21:25:15.769


CAR 0 PASSING FLOOR 7 GOING UP 21:25:17.854


CAR 2 PASSING FLOOR 5 GOING UP 21:25:18.831


CAR 1 PASSING FLOOR 5 GOING DOWN 21:25:19.307


CAR 2 PASSING FLOOR 6 GOING UP 21:25:21.897


CAR 0 PASSING FLOOR 8 GOING UP 21:25:21.912


CAR 1 PASSING FLOOR 4 GOING DOWN 21:25:22.371


CAR 0 PASSING FLOOR 9 GOING UP 21:25:24.964


CAR 1 PASSING FLOOR 3 GOING DOWN 21:25:25.426


CAR 2 STOPPED ON FLOOR 7 ON ITS WAY TO 4 21:25:25.969


CAR 2 PASSING FLOOR 7 GOING DOWN 21:25:25.974


CAR 0 PASSING FLOOR 10 GOING UP 21:25:28.015


CAR 1 PASSING FLOOR 2 GOING DOWN 21:25:28.478


CAR 2 PASSING FLOOR 6 GOING DOWN 21:25:30.037


CAR 0 PASSING FLOOR 11 GOING UP 21:25:31.063


CAR 1 PASSING FLOOR 1 GOING DOWN 21:25:31.528


CAR 1 IS EMPTY 21:25:32.587


CAR 2 PASSING FLOOR 5 GOING DOWN 21:25:33.101


CAR 0 PASSING FLOOR 12 GOING UP 21:25:34.111


CAR 2 PASSING FLOOR 4 GOING DOWN 21:25:36.152


CAR 0 PASSING FLOOR 13 GOING UP 21:25:37.160


CAR 2 IS EMPTY 21:25:37.238


CAR 0 PASSING FLOOR 14 GOING UP 21:25:40.234


CAR 0 PASSING FLOOR 15 GOING UP 21:25:43.279


CAR 0 PASSING FLOOR 16 GOING UP 21:25:46.334


CAR 0 PASSING FLOOR 17 GOING UP 21:25:49.384


CAR 0 PASSING FLOOR 18 GOING UP 21:25:52.431


CAR 0 PASSING FLOOR 19 GOING UP 21:25:55.474


CAR 0 PASSING FLOOR 20 GOING UP 21:25:58.522


CAR 0 IS EMPTY 21:25:59.604

